Arguments: 
  /opt/homebrew/Cellar/node/17.2.0/bin/node /opt/homebrew/Cellar/yarn/1.22.17_2/libexec/bin/yarn.js install --force

PATH: 
  /Users/helenamerk/.local/share/solana/install/active_release/bin:/Users/helenamerk/.cargo/bin:/usr/local/bin:/usr/local/bin:/opt/brev/bin:/opt/brev/bin:/opt/brev/bin:/opt/brev/bin:/opt/brev/bin:/opt/brev/brev:/opt/brev/brev:/opt/brev/bin:/opt/homebrew/bin:/usr/local/bin:/usr/local/bin:/usr/bin:/bin:/usr/sbin:/sbin

Yarn version: 
  1.22.17

Node version: 
  17.2.0

Platform: 
  darwin arm64

Trace: 
  Error: https://registry.yarnpkg.com/@project-serum%2fanchor: ETIMEDOUT
      at Timeout._onTimeout (/opt/homebrew/Cellar/yarn/1.22.17_2/libexec/lib/cli.js:141543:19)
      at listOnTimeout (node:internal/timers:557:17)
      at processTimers (node:internal/timers:500:7)

npm manifest: 
  {
    "name": "@strangemood/sharing-demo",
    "private": true,
    "scripts": {
      "dev": "next dev",
      "build": "next build",
      "start": "next start",
      "lint": "next lint"
    },
    "dependencies": {
      "@project-serum/anchor": "^0.19.1-beta.1",
      "@solana/spl-token": "^0.1.8",
      "@solana/wallet-adapter-base": "^0.9.0",
      "@solana/wallet-adapter-react": "^0.13.1",
      "@solana/wallet-adapter-react-ui": "^0.6.1",
      "@solana/wallet-adapter-wallets": "^0.11.3",
      "@solana/web3.js": "^1.31.0",
      "@strangemood/sharing": "../js/dist/js/src",
      "base58-encode": "^0.2.0",
      "next": "12.0.7",
      "react": "17.0.2",
      "react-dom": "17.0.2"
    },
    "devDependencies": {
      "@types/node": "16.11.12",
      "@types/react": "17.0.37",
      "autoprefixer": "^10.4.0",
      "eslint": "8.4.1",
      "eslint-config-next": "12.0.7",
      "next-transpile-modules": "^9.0.0",
      "postcss": "^8.4.4",
      "typescript": "4.5.2"
    },
    "prettier": {
      "singleQuote": true
    }
  }

yarn manifest: 
  No manifest

Lockfile: 
  No lockfile
